<?xml version="1.0" encoding="UTF-8"?>
<testsuite xmlns:xsi="http://www.w3.org/2001/XMLSchema-instance" xsi:noNamespaceSchemaLocation="https://maven.apache.org/surefire/maven-surefire-plugin/xsd/surefire-test-report.xsd" version="3.0.2" name="me.akashmaji.DemoappApplicationTests" time="2.477" tests="1" errors="0" skipped="0" failures="0">
  <properties>
[...]
</properties>
  <testcase name="contextLoads" classname="me.akashmaji.DemoappApplicationTests" time="0.687">
    <system-out><![CDATA[22:01:39.796 [main] INFO org.springframework.test.context.support.AnnotationConfigContextLoaderUtils -- Could not detect default configuration classes for test class [me.akashmaji.DemoappApplicationTests]: DemoappApplicationTests does not declare any static, non-private, non-final, nested classes annotated with @Configuration.
22:01:39.904 [main] INFO org.springframework.boot.test.context.SpringBootTestContextBootstrapper -- Found @SpringBootConfiguration me.akashmaji.DemoappApplication for test class me.akashmaji.DemoappApplicationTests
22:01:40.057 [main] INFO org.springframework.boot.devtools.restart.RestartApplicationListener -- Restart disabled due to context in which it is running

  .   ____          _            __ _ _
 /\\ / ___'_ __ _ _(_)_ __  __ _ \ \ \ \
( ( )\___ | '_ | '_| | '_ \/ _` | \ \ \ \
 \\/  ___)| |_)| | | | | || (_| |  ) ) ) )
  '  |____| .__|_| |_|_| |_\__, | / / / /
 =========|_|==============|___/=/_/_/_/

 :: Spring Boot ::                (v3.4.1)

2025-01-06T22:01:40.285+05:30  INFO 2948 --- [demoapp] [           main] me.akashmaji.DemoappApplicationTests     : Starting DemoappApplicationTests using Java 21.0.3 with PID 2948 (started by akash in C:\Users\akash\Desktop\eclipse\demoapp2\demoapp)
2025-01-06T22:01:40.287+05:30  INFO 2948 --- [demoapp] [           main] me.akashmaji.DemoappApplicationTests     : No active profile set, falling back to 1 default profile: "default"
2025-01-06T22:01:41.402+05:30  INFO 2948 --- [demoapp] [           main] me.akashmaji.DemoappApplicationTests     : Started DemoappApplicationTests in 1.357 seconds (process running for 2.211)
]]></system-out>
    <system-err><![CDATA[Mockito is currently self-attaching to enable the inline-mock-maker. This will no longer work in future releases of the JDK. Please add Mockito as an agent to your build what is described in Mockito's documentation: https://javadoc.io/doc/org.mockito/mockito-core/latest/org/mockito/Mockito.html#0.3
WARNING: A Java agent has been loaded dynamically (C:\Users\akash\.m2\repository\net\bytebuddy\byte-buddy-agent\1.15.11\byte-buddy-agent-1.15.11.jar)
WARNING: If a serviceability tool is in use, please run with -XX:+EnableDynamicAgentLoading to hide this warning
WARNING: If a serviceability tool is not in use, please run with -Djdk.instrument.traceUsage for more information
WARNING: Dynamic loading of agents will be disallowed by default in a future release
]]></system-err>
  </testcase>
</testsuite>